<?xml version="1.0" encoding="UTF-8"?>
<testsuites name="1 Test Suite Login dan Register" time="139.244" tests="3" failures="0" errors="0">
   <testsuite name="1 Test Suite Login dan Register" tests="3" failures="0" errors="0" time="139.244" skipped="0" timestamp="13-02-2024T23:18:52" hostname="ACER - LAPTOP-DI70DTOM" id="Test Suites/1 Test Suite Login dan Register">
      <properties>
         <property name="deviceName" value="emulator-5554 (Android SDK built for x86 - Android 8.1.0)"/>
         <property name="devicePlatform" value=""/>
         <property name="logFolder" value="C:\\Users\\ACER\\git\\Final-Project-QA-MOBILE\\Reports\\20240213_231845\\1 Test Suite Login dan Register\\20240213_231845"/>
         <property name="logFiles" value="C:\\Users\\ACER\\git\\Final-Project-QA-MOBILE\\Reports\\20240213_231845\\1 Test Suite Login dan Register\\20240213_231845\\appium.log, C:\\Users\\ACER\\git\\Final-Project-QA-MOBILE\\Reports\\20240213_231845\\1 Test Suite Login dan Register\\20240213_231845\\appium_error.log, C:\\Users\\ACER\\git\\Final-Project-QA-MOBILE\\Reports\\20240213_231845\\1 Test Suite Login dan Register\\20240213_231845\\execution0.log"/>
         <property name="attachments" value=""/>
         <property name="hostName" value="ACER - LAPTOP-DI70DTOM"/>
         <property name="os" value="Windows 11 64bit"/>
         <property name="appiumServerStatus" value="{&quot;value&quot;:{&quot;ready&quot;:true,&quot;message&quot;:&quot;The server is ready to accept new connections&quot;,&quot;build&quot;:{&quot;version&quot;:&quot;2.5.0&quot;}}}"/>
         <property name="katalonVersion" value="9.3.0.212"/>
         <property name="deviceOS" value="Android"/>
         <property name="appiumVersion" value="2.5.0"/>
         <property name="deviceModel" value="Android SDK built for x86"/>
         <property name="hostAddress" value="192.168.0.111"/>
         <property name="deviceManufacturer" value="Google"/>
         <property name="deviceId" value="emulator-5554"/>
         <property name="deviceName" value="emulator-5554 (Android SDK built for x86 - Android 8.1.0)"/>
         <property name="deviceOSVersion" value="8.1.0"/>
      </properties>
      <testcase name="Test Cases/1 Positive Test Case/1 Register Account" time="65.557" classname="Test Cases/1 Positive Test Case/1 Register Account" status="PASSED">
         <system-out><![CDATA[13-02-2024T23:18:52 - [TEST_CASE][PASSED] - Test Cases/1 Positive Test Case/1 Register Account: Test Cases/1 Positive Test Case/1 Register Account

13-02-2024T23:18:53 - [TEST_STEP][PASSED] - startApplication("E:\BFLP IT Batch 9\9. Bootcamp\3. Final Project Mobile\Advantage+demo+3.2.apk", true): Started app at: 'E:\BFLP IT Batch 9\9. Bootcamp\3. Final Project Mobile\Advantage+demo+3.2.apk'

13-02-2024T23:18:53 - [MESSAGE][INFO] - Detected NodeJS location: "C:\Program Files\nodejs\node.exe"

13-02-2024T23:19:04 - [MESSAGE][INFO] - PATH: C:\Program Files\nodejs;

13-02-2024T23:19:04 - [MESSAGE][INFO] - APPIUM_HOME: C:\Users\ACER\.appium

13-02-2024T23:19:04 - [MESSAGE][INFO] - appium outlog: C:\Users\ACER\git\Final-Project-QA-MOBILE\Reports\20240213_231845\1 Test Suite Login dan Register\20240213_231845\appium.log

13-02-2024T23:19:04 - [MESSAGE][INFO] - appium errlog: C:\Users\ACER\git\Final-Project-QA-MOBILE\Reports\20240213_231845\1 Test Suite Login dan Register\20240213_231845\appium_error.log

13-02-2024T23:19:07 - [MESSAGE][INFO] - Appium server started on port 4,564

13-02-2024T23:19:16 - [MESSAGE][PASSED] - Started app at: 'E:\BFLP IT Batch 9\9. Bootcamp\3. Final Project Mobile\Advantage+demo+3.2.apk'

13-02-2024T23:19:16 - [TEST_STEP][PASSED] - tap(findTestObject("Object Repository/1 Register/android.widget.ImageView"), 0): Tapped on element 'Object Repository/1 Register/android.widget.ImageView'

13-02-2024T23:19:16 - [MESSAGE][WARNING] - Timeout '0' is invalid. Using default page load timeout: '30'

13-02-2024T23:19:18 - [MESSAGE][PASSED] - Tapped on element 'Object Repository/1 Register/android.widget.ImageView'

13-02-2024T23:19:18 - [TEST_STEP][PASSED] - tap(findTestObject("Object Repository/1 Register/android.widget.TextView - LOGIN"), 0): Tapped on element 'Object Repository/1 Register/android.widget.TextView - LOGIN'

13-02-2024T23:19:18 - [MESSAGE][WARNING] - Timeout '0' is invalid. Using default page load timeout: '30'

13-02-2024T23:19:19 - [MESSAGE][PASSED] - Tapped on element 'Object Repository/1 Register/android.widget.TextView - LOGIN'

13-02-2024T23:19:19 - [TEST_STEP][PASSED] - tap(findTestObject("Object Repository/1 Register/android.widget.TextView - SIGN UP TODAY"), 0): Tapped on element 'Object Repository/1 Register/android.widget.TextView - SIGN UP TODAY'

13-02-2024T23:19:19 - [MESSAGE][WARNING] - Timeout '0' is invalid. Using default page load timeout: '30'

13-02-2024T23:19:21 - [MESSAGE][PASSED] - Tapped on element 'Object Repository/1 Register/android.widget.TextView - SIGN UP TODAY'

13-02-2024T23:19:21 - [TEST_STEP][PASSED] - setText(findTestObject("Object Repository/1 Register/android.widget.EditText"), "dharmayudhaputu", 0): Text 'dharmayudhaputu' has been set to element 'Object Repository/1 Register/android.widget.EditText'

13-02-2024T23:19:21 - [MESSAGE][WARNING] - Timeout '0' is invalid. Using default page load timeout: '30'

13-02-2024T23:19:24 - [MESSAGE][PASSED] - Text 'dharmayudhaputu' has been set to element 'Object Repository/1 Register/android.widget.EditText'

13-02-2024T23:19:24 - [TEST_STEP][PASSED] - setText(findTestObject("Object Repository/1 Register/android.widget.EditText (1)"), "yudhatesting@gmail.com", 0): Text 'yudhatesting@gmail.com' has been set to element 'Object Repository/1 Register/android.widget.EditText (1)'

13-02-2024T23:19:24 - [MESSAGE][WARNING] - Timeout '0' is invalid. Using default page load timeout: '30'

13-02-2024T23:19:26 - [MESSAGE][PASSED] - Text 'yudhatesting@gmail.com' has been set to element 'Object Repository/1 Register/android.widget.EditText (1)'

13-02-2024T23:19:26 - [TEST_STEP][PASSED] - setText(findTestObject("Object Repository/1 Register/android.widget.EditText (2)"), "Dharmayudha1", 0): Text 'Dharmayudha1' has been set to element 'Object Repository/1 Register/android.widget.EditText (2)'

13-02-2024T23:19:26 - [MESSAGE][WARNING] - Timeout '0' is invalid. Using default page load timeout: '30'

13-02-2024T23:19:28 - [MESSAGE][PASSED] - Text 'Dharmayudha1' has been set to element 'Object Repository/1 Register/android.widget.EditText (2)'

13-02-2024T23:19:28 - [TEST_STEP][PASSED] - setText(findTestObject("Object Repository/1 Register/android.widget.EditText (3)"), "Dharmayudha1", 0): Text 'Dharmayudha1' has been set to element 'Object Repository/1 Register/android.widget.EditText (3)'

13-02-2024T23:19:28 - [MESSAGE][WARNING] - Timeout '0' is invalid. Using default page load timeout: '30'

13-02-2024T23:19:30 - [MESSAGE][PASSED] - Text 'Dharmayudha1' has been set to element 'Object Repository/1 Register/android.widget.EditText (3)'

13-02-2024T23:19:30 - [TEST_STEP][PASSED] - hideKeyboard(): Keyboard is hidden

13-02-2024T23:19:31 - [MESSAGE][PASSED] - Keyboard is hidden

13-02-2024T23:19:31 - [TEST_STEP][PASSED] - setText(findTestObject("Object Repository/1 Register/android.widget.EditText (4)"), "Dharma", 0): Text 'Dharma' has been set to element 'Object Repository/1 Register/android.widget.EditText (4)'

13-02-2024T23:19:31 - [MESSAGE][WARNING] - Timeout '0' is invalid. Using default page load timeout: '30'

13-02-2024T23:19:33 - [MESSAGE][PASSED] - Text 'Dharma' has been set to element 'Object Repository/1 Register/android.widget.EditText (4)'

13-02-2024T23:19:33 - [TEST_STEP][PASSED] - setText(findTestObject("Object Repository/1 Register/android.widget.EditText (5)"), "Yudha", 0): Text 'Yudha' has been set to element 'Object Repository/1 Register/android.widget.EditText (5)'

13-02-2024T23:19:33 - [MESSAGE][WARNING] - Timeout '0' is invalid. Using default page load timeout: '30'

13-02-2024T23:19:35 - [MESSAGE][PASSED] - Text 'Yudha' has been set to element 'Object Repository/1 Register/android.widget.EditText (5)'

13-02-2024T23:19:35 - [TEST_STEP][PASSED] - hideKeyboard(): Keyboard is hidden

13-02-2024T23:19:35 - [MESSAGE][PASSED] - Keyboard is hidden

13-02-2024T23:19:35 - [TEST_STEP][PASSED] - setText(findTestObject("Object Repository/1 Register/android.widget.EditText (6)"), "081353081122", 0): Text '081353081122' has been set to element 'Object Repository/1 Register/android.widget.EditText (6)'

13-02-2024T23:19:36 - [MESSAGE][WARNING] - Timeout '0' is invalid. Using default page load timeout: '30'

13-02-2024T23:19:38 - [MESSAGE][PASSED] - Text '081353081122' has been set to element 'Object Repository/1 Register/android.widget.EditText (6)'

13-02-2024T23:19:38 - [TEST_STEP][PASSED] - hideKeyboard(): Keyboard is hidden

13-02-2024T23:19:38 - [MESSAGE][PASSED] - Keyboard is hidden

13-02-2024T23:19:38 - [TEST_STEP][PASSED] - setText(findTestObject("Object Repository/1 Register/android.widget.EditText (7)"), "Jakarta", 0): Text 'Jakarta' has been set to element 'Object Repository/1 Register/android.widget.EditText (7)'

13-02-2024T23:19:38 - [MESSAGE][WARNING] - Timeout '0' is invalid. Using default page load timeout: '30'

13-02-2024T23:19:41 - [MESSAGE][PASSED] - Text 'Jakarta' has been set to element 'Object Repository/1 Register/android.widget.EditText (7)'

13-02-2024T23:19:41 - [TEST_STEP][PASSED] - hideKeyboard(): Keyboard is hidden

13-02-2024T23:19:42 - [MESSAGE][PASSED] - Keyboard is hidden

13-02-2024T23:19:42 - [TEST_STEP][PASSED] - setText(findTestObject("Object Repository/1 Register/android.widget.EditText (8)"), "Jalan Medan Merdeka No 5 Jakarta", 0): Text 'Jalan Medan Merdeka No 5 Jakarta' has been set to element 'Object Repository/1 Register/android.widget.EditText (8)'

13-02-2024T23:19:42 - [MESSAGE][WARNING] - Timeout '0' is invalid. Using default page load timeout: '30'

13-02-2024T23:19:44 - [MESSAGE][PASSED] - Text 'Jalan Medan Merdeka No 5 Jakarta' has been set to element 'Object Repository/1 Register/android.widget.EditText (8)'

13-02-2024T23:19:44 - [TEST_STEP][PASSED] - hideKeyboard(): Keyboard is hidden

13-02-2024T23:19:45 - [MESSAGE][PASSED] - Keyboard is hidden

13-02-2024T23:19:45 - [TEST_STEP][PASSED] - setText(findTestObject("Object Repository/1 Register/android.widget.EditText (9)"), "Jakarta", 0): Text 'Jakarta' has been set to element 'Object Repository/1 Register/android.widget.EditText (9)'

13-02-2024T23:19:45 - [MESSAGE][WARNING] - Timeout '0' is invalid. Using default page load timeout: '30'

13-02-2024T23:19:50 - [MESSAGE][PASSED] - Text 'Jakarta' has been set to element 'Object Repository/1 Register/android.widget.EditText (9)'

13-02-2024T23:19:50 - [TEST_STEP][PASSED] - setText(findTestObject("Object Repository/1 Register/android.widget.EditText (10)"), "80582", 0): Text '80582' has been set to element 'Object Repository/1 Register/android.widget.EditText (10)'

13-02-2024T23:19:50 - [MESSAGE][WARNING] - Timeout '0' is invalid. Using default page load timeout: '30'

13-02-2024T23:19:52 - [MESSAGE][PASSED] - Text '80582' has been set to element 'Object Repository/1 Register/android.widget.EditText (10)'

13-02-2024T23:19:52 - [TEST_STEP][PASSED] - hideKeyboard(): Keyboard is hidden

13-02-2024T23:19:53 - [MESSAGE][PASSED] - Keyboard is hidden

13-02-2024T23:19:53 - [TEST_STEP][PASSED] - scrollToText("register"): Scrolling to text 'register' successfully

13-02-2024T23:19:56 - [MESSAGE][PASSED] - Scrolling to text 'register' successfully

13-02-2024T23:19:56 - [TEST_STEP][PASSED] - tap(findTestObject("Object Repository/1 Register/android.widget.Button - REGISTER"), 0): Tapped on element 'Object Repository/1 Register/android.widget.Button - REGISTER'

13-02-2024T23:19:56 - [MESSAGE][WARNING] - Timeout '0' is invalid. Using default page load timeout: '30'

13-02-2024T23:19:56 - [MESSAGE][PASSED] - Tapped on element 'Object Repository/1 Register/android.widget.Button - REGISTER'

13-02-2024T23:19:56 - [TEST_STEP][PASSED] - closeApplication(): Close app successfully

13-02-2024T23:19:58 - [MESSAGE][PASSED] - Close app successfully]]></system-out>
         <system-err><![CDATA[]]></system-err>
      </testcase>
      <testcase name="Test Cases/1 Positive Test Case/2 Login - IF ELSE dan Data Driven" time="39.371" classname="Test Cases/1 Positive Test Case/2 Login - IF ELSE dan Data Driven" status="PASSED">
         <system-out><![CDATA[13-02-2024T23:19:58 - [TEST_CASE][PASSED] - Test Cases/1 Positive Test Case/2 Login - IF ELSE dan Data Driven: Test Cases/1 Positive Test Case/2 Login - IF ELSE dan Data Driven

13-02-2024T23:19:58 - [TEST_STEP][PASSED] - validUsername = username: null

13-02-2024T23:19:58 - [TEST_STEP][PASSED] - username = username: null

13-02-2024T23:19:58 - [TEST_STEP][PASSED] - password = password: null

13-02-2024T23:19:58 - [TEST_STEP][PASSED] - startApplication("E:\BFLP IT Batch 9\9. Bootcamp\3. Final Project Mobile\Advantage+demo+3.2.apk", true): Started app at: 'E:\BFLP IT Batch 9\9. Bootcamp\3. Final Project Mobile\Advantage+demo+3.2.apk'

13-02-2024T23:19:58 - [MESSAGE][INFO] - Detected NodeJS location: "C:\Program Files\nodejs\node.exe"

13-02-2024T23:20:09 - [MESSAGE][INFO] - PATH: C:\Program Files\nodejs;

13-02-2024T23:20:09 - [MESSAGE][INFO] - APPIUM_HOME: C:\Users\ACER\.appium

13-02-2024T23:20:09 - [MESSAGE][INFO] - appium outlog: C:\Users\ACER\git\Final-Project-QA-MOBILE\Reports\20240213_231845\1 Test Suite Login dan Register\20240213_231845\appium.log

13-02-2024T23:20:09 - [MESSAGE][INFO] - appium errlog: C:\Users\ACER\git\Final-Project-QA-MOBILE\Reports\20240213_231845\1 Test Suite Login dan Register\20240213_231845\appium_error.log

13-02-2024T23:20:12 - [MESSAGE][INFO] - Appium server started on port 4,921

13-02-2024T23:20:20 - [MESSAGE][PASSED] - Started app at: 'E:\BFLP IT Batch 9\9. Bootcamp\3. Final Project Mobile\Advantage+demo+3.2.apk'

13-02-2024T23:20:20 - [TEST_STEP][PASSED] - tap(findTestObject("Object Repository/2 Login dan Checkout/android.widget.ImageView"), 0): Tapped on element 'Object Repository/2 Login dan Checkout/android.widget.ImageView'

13-02-2024T23:20:20 - [MESSAGE][WARNING] - Timeout '0' is invalid. Using default page load timeout: '30'

13-02-2024T23:20:22 - [MESSAGE][PASSED] - Tapped on element 'Object Repository/2 Login dan Checkout/android.widget.ImageView'

13-02-2024T23:20:22 - [TEST_STEP][PASSED] - tap(findTestObject("Object Repository/2 Login dan Checkout/android.widget.LinearLayout"), 0): Tapped on element 'Object Repository/2 Login dan Checkout/android.widget.LinearLayout'

13-02-2024T23:20:22 - [MESSAGE][WARNING] - Timeout '0' is invalid. Using default page load timeout: '30'

13-02-2024T23:20:23 - [MESSAGE][PASSED] - Tapped on element 'Object Repository/2 Login dan Checkout/android.widget.LinearLayout'

13-02-2024T23:20:23 - [TEST_STEP][PASSED] - setText(findTestObject("Object Repository/2 Login dan Checkout/android.widget.EditText"), username, 0): Text 'yudhatesting' has been set to element 'Object Repository/2 Login dan Checkout/android.widget.EditText'

13-02-2024T23:20:23 - [MESSAGE][WARNING] - Timeout '0' is invalid. Using default page load timeout: '30'

13-02-2024T23:20:26 - [MESSAGE][PASSED] - Text 'yudhatesting' has been set to element 'Object Repository/2 Login dan Checkout/android.widget.EditText'

13-02-2024T23:20:26 - [TEST_STEP][PASSED] - setText(findTestObject("Object Repository/2 Login dan Checkout/android.widget.EditText (1)"), password, 0): Text 'Dharmayudha1' has been set to element 'Object Repository/2 Login dan Checkout/android.widget.EditText (1)'

13-02-2024T23:20:26 - [MESSAGE][WARNING] - Timeout '0' is invalid. Using default page load timeout: '30'

13-02-2024T23:20:28 - [MESSAGE][PASSED] - Text 'Dharmayudha1' has been set to element 'Object Repository/2 Login dan Checkout/android.widget.EditText (1)'

13-02-2024T23:20:28 - [TEST_STEP][PASSED] - if (username == validUsername): Close app successfully

13-02-2024T23:20:28 - [TEST_STEP][PASSED] - tap(findTestObject("Object Repository/2 Login dan Checkout/android.widget.Button - LOGIN"), 0): Tapped on element 'Object Repository/2 Login dan Checkout/android.widget.Button - LOGIN'

13-02-2024T23:20:28 - [MESSAGE][WARNING] - Timeout '0' is invalid. Using default page load timeout: '30'

13-02-2024T23:20:28 - [MESSAGE][PASSED] - Tapped on element 'Object Repository/2 Login dan Checkout/android.widget.Button - LOGIN'

13-02-2024T23:20:28 - [TEST_STEP][PASSED] - hideKeyboard(): Keyboard is hidden

13-02-2024T23:20:30 - [MESSAGE][PASSED] - Keyboard is hidden

13-02-2024T23:20:30 - [TEST_STEP][PASSED] - delay(5): Delayed 5 second(s)

13-02-2024T23:20:35 - [MESSAGE][PASSED] - Delayed 5 second(s)

13-02-2024T23:20:35 - [TEST_STEP][PASSED] - closeApplication(): Close app successfully

13-02-2024T23:20:37 - [MESSAGE][INFO] - Cannot close application! An unknown server-side error occurred while processing the command. Original error: 'com.Advantage.aShopping' is still running after 500ms timeout
Build info: version: '3.141.59', revision: 'e82be7d358', time: '2018-11-14T08:25:53'
System info: host: 'LAPTOP-DI70DTOM', ip: '192.168.0.111', os.name: 'Windows 11', os.arch: 'amd64', os.version: '10.0', java.version: '17.0.7'
Driver info: com.kms.katalon.core.appium.driver.SwipeableAndroidDriver
Capabilities {app: E:\BFLP IT Batch 9\9. Bootc..., appPackage: com.Advantage.aShopping, autoGrantPermissions: true, automationName: uiautomator2, databaseEnabled: false, desired: {app: E:\BFLP IT Batch 9\9. Bootc..., autoGrantPermissions: true, automationName: uiautomator2, deviceName: emulator-5554 (Android SDK ..., fullReset: true, newCommandTimeout: 1800, noReset: false, platformName: android, platformVersion: 8.1.0, systemPort: 4920, udid: emulator-5554}, deviceApiLevel: 27, deviceManufacturer: Google, deviceModel: Android SDK built for x86, deviceName: emulator-5554, deviceScreenDensity: 420, deviceScreenSize: 1080x2400, deviceUDID: emulator-5554, fullReset: true, javascriptEnabled: true, locationContextEnabled: false, networkConnectionEnabled: true, newCommandTimeout: 1800, noReset: false, pixelRatio: 2.625, platform: LINUX, platformName: Android, platformVersion: 8.1.0, statBarHeight: 63, systemPort: 4920, takesScreenshot: true, udid: emulator-5554, viewportRect: {height: 2337, left: 0, top: 63, width: 1080}, warnings: {}, webStorageEnabled: false}
Session ID: 7c360279-89f1-44d6-9bae-f9a0974a03ef

13-02-2024T23:20:37 - [MESSAGE][PASSED] - Close app successfully]]></system-out>
         <system-err><![CDATA[]]></system-err>
      </testcase>
      <testcase name="Test Cases/1 Positive Test Case/2 Login - IF ELSE dan Data Driven" time="33.984" classname="Test Cases/1 Positive Test Case/2 Login - IF ELSE dan Data Driven" status="PASSED">
         <system-out><![CDATA[13-02-2024T23:20:37 - [TEST_CASE][PASSED] - Test Cases/1 Positive Test Case/2 Login - IF ELSE dan Data Driven: Test Cases/1 Positive Test Case/2 Login - IF ELSE dan Data Driven

13-02-2024T23:20:37 - [TEST_STEP][PASSED] - validUsername = username: null

13-02-2024T23:20:37 - [TEST_STEP][PASSED] - username = username: null

13-02-2024T23:20:37 - [TEST_STEP][PASSED] - password = password: null

13-02-2024T23:20:37 - [TEST_STEP][PASSED] - startApplication("E:\BFLP IT Batch 9\9. Bootcamp\3. Final Project Mobile\Advantage+demo+3.2.apk", true): Started app at: 'E:\BFLP IT Batch 9\9. Bootcamp\3. Final Project Mobile\Advantage+demo+3.2.apk'

13-02-2024T23:20:38 - [MESSAGE][INFO] - Detected NodeJS location: "C:\Program Files\nodejs\node.exe"

13-02-2024T23:20:43 - [MESSAGE][INFO] - PATH: C:\Program Files\nodejs;

13-02-2024T23:20:43 - [MESSAGE][INFO] - APPIUM_HOME: C:\Users\ACER\.appium

13-02-2024T23:20:43 - [MESSAGE][INFO] - appium outlog: C:\Users\ACER\git\Final-Project-QA-MOBILE\Reports\20240213_231845\1 Test Suite Login dan Register\20240213_231845\appium.log

13-02-2024T23:20:43 - [MESSAGE][INFO] - appium errlog: C:\Users\ACER\git\Final-Project-QA-MOBILE\Reports\20240213_231845\1 Test Suite Login dan Register\20240213_231845\appium_error.log

13-02-2024T23:20:46 - [MESSAGE][INFO] - Appium server started on port 5,204

13-02-2024T23:20:54 - [MESSAGE][PASSED] - Started app at: 'E:\BFLP IT Batch 9\9. Bootcamp\3. Final Project Mobile\Advantage+demo+3.2.apk'

13-02-2024T23:20:54 - [TEST_STEP][PASSED] - tap(findTestObject("Object Repository/2 Login dan Checkout/android.widget.ImageView"), 0): Tapped on element 'Object Repository/2 Login dan Checkout/android.widget.ImageView'

13-02-2024T23:20:54 - [MESSAGE][WARNING] - Timeout '0' is invalid. Using default page load timeout: '30'

13-02-2024T23:20:56 - [MESSAGE][PASSED] - Tapped on element 'Object Repository/2 Login dan Checkout/android.widget.ImageView'

13-02-2024T23:20:56 - [TEST_STEP][PASSED] - tap(findTestObject("Object Repository/2 Login dan Checkout/android.widget.LinearLayout"), 0): Tapped on element 'Object Repository/2 Login dan Checkout/android.widget.LinearLayout'

13-02-2024T23:20:56 - [MESSAGE][WARNING] - Timeout '0' is invalid. Using default page load timeout: '30'

13-02-2024T23:20:57 - [MESSAGE][PASSED] - Tapped on element 'Object Repository/2 Login dan Checkout/android.widget.LinearLayout'

13-02-2024T23:20:57 - [TEST_STEP][PASSED] - setText(findTestObject("Object Repository/2 Login dan Checkout/android.widget.EditText"), username, 0): Text 'yudhatesting2' has been set to element 'Object Repository/2 Login dan Checkout/android.widget.EditText'

13-02-2024T23:20:57 - [MESSAGE][WARNING] - Timeout '0' is invalid. Using default page load timeout: '30'

13-02-2024T23:21:00 - [MESSAGE][PASSED] - Text 'yudhatesting2' has been set to element 'Object Repository/2 Login dan Checkout/android.widget.EditText'

13-02-2024T23:21:00 - [TEST_STEP][PASSED] - setText(findTestObject("Object Repository/2 Login dan Checkout/android.widget.EditText (1)"), password, 0): Text 'Dharmayudha2' has been set to element 'Object Repository/2 Login dan Checkout/android.widget.EditText (1)'

13-02-2024T23:21:00 - [MESSAGE][WARNING] - Timeout '0' is invalid. Using default page load timeout: '30'

13-02-2024T23:21:02 - [MESSAGE][PASSED] - Text 'Dharmayudha2' has been set to element 'Object Repository/2 Login dan Checkout/android.widget.EditText (1)'

13-02-2024T23:21:02 - [TEST_STEP][PASSED] - if (username == validUsername): Close app successfully

13-02-2024T23:21:02 - [TEST_STEP][PASSED] - tap(findTestObject("Object Repository/2 Login dan Checkout/android.widget.Button - LOGIN"), 0): Tapped on element 'Object Repository/2 Login dan Checkout/android.widget.Button - LOGIN'

13-02-2024T23:21:02 - [MESSAGE][WARNING] - Timeout '0' is invalid. Using default page load timeout: '30'

13-02-2024T23:21:03 - [MESSAGE][PASSED] - Tapped on element 'Object Repository/2 Login dan Checkout/android.widget.Button - LOGIN'

13-02-2024T23:21:03 - [TEST_STEP][PASSED] - hideKeyboard(): Keyboard is hidden

13-02-2024T23:21:05 - [MESSAGE][PASSED] - Keyboard is hidden

13-02-2024T23:21:05 - [TEST_STEP][PASSED] - delay(5): Delayed 5 second(s)

13-02-2024T23:21:10 - [MESSAGE][PASSED] - Delayed 5 second(s)

13-02-2024T23:21:10 - [TEST_STEP][PASSED] - closeApplication(): Close app successfully

13-02-2024T23:21:11 - [MESSAGE][INFO] - Cannot close application! An unknown server-side error occurred while processing the command. Original error: 'com.Advantage.aShopping' is still running after 500ms timeout
Build info: version: '3.141.59', revision: 'e82be7d358', time: '2018-11-14T08:25:53'
System info: host: 'LAPTOP-DI70DTOM', ip: '192.168.0.111', os.name: 'Windows 11', os.arch: 'amd64', os.version: '10.0', java.version: '17.0.7'
Driver info: com.kms.katalon.core.appium.driver.SwipeableAndroidDriver
Capabilities {app: E:\BFLP IT Batch 9\9. Bootc..., appPackage: com.Advantage.aShopping, autoGrantPermissions: true, automationName: uiautomator2, databaseEnabled: false, desired: {app: E:\BFLP IT Batch 9\9. Bootc..., autoGrantPermissions: true, automationName: uiautomator2, deviceName: emulator-5554 (Android SDK ..., fullReset: true, newCommandTimeout: 1800, noReset: false, platformName: android, platformVersion: 8.1.0, systemPort: 5202, udid: emulator-5554}, deviceApiLevel: 27, deviceManufacturer: Google, deviceModel: Android SDK built for x86, deviceName: emulator-5554, deviceScreenDensity: 420, deviceScreenSize: 1080x2400, deviceUDID: emulator-5554, fullReset: true, javascriptEnabled: true, locationContextEnabled: false, networkConnectionEnabled: true, newCommandTimeout: 1800, noReset: false, pixelRatio: 2.625, platform: LINUX, platformName: Android, platformVersion: 8.1.0, statBarHeight: 63, systemPort: 5202, takesScreenshot: true, udid: emulator-5554, viewportRect: {height: 2337, left: 0, top: 63, width: 1080}, warnings: {}, webStorageEnabled: false}
Session ID: dadf2dd1-dd92-4972-863a-9c1d49fd64dd

13-02-2024T23:21:11 - [MESSAGE][PASSED] - Close app successfully]]></system-out>
         <system-err><![CDATA[]]></system-err>
      </testcase>
      <system-out><![CDATA[13-02-2024T23:18:52 - [TEST_SUITE][PASSED] - 1 Test Suite Login dan Register: Test Cases/1 Positive Test Case/2 Login - IF ELSE dan Data Driven]]></system-out>
      <system-err><![CDATA[]]></system-err>
   </testsuite>
</testsuites>
