<?xml version="1.0" encoding="UTF-8"?>
<testsuites name="1 Test Suite Login dan Register" time="88.096" tests="2" failures="0" errors="0">
   <testsuite name="1 Test Suite Login dan Register" tests="2" failures="0" errors="0" time="88.096" skipped="0" timestamp="13-02-2024T22:52:17" hostname="ACER - LAPTOP-DI70DTOM" id="Test Suites/1 Test Suite Login dan Register">
      <properties>
         <property name="deviceName" value="emulator-5554 (Android SDK built for x86 - Android 8.1.0)"/>
         <property name="devicePlatform" value=""/>
         <property name="logFolder" value="C:\\Users\\ACER\\git\\Final-Project-QA-MOBILE\\Reports\\20240213_225210\\1 Test Suite Login dan Register\\20240213_225210"/>
         <property name="logFiles" value="C:\\Users\\ACER\\git\\Final-Project-QA-MOBILE\\Reports\\20240213_225210\\1 Test Suite Login dan Register\\20240213_225210\\appium.log, C:\\Users\\ACER\\git\\Final-Project-QA-MOBILE\\Reports\\20240213_225210\\1 Test Suite Login dan Register\\20240213_225210\\appium_error.log, C:\\Users\\ACER\\git\\Final-Project-QA-MOBILE\\Reports\\20240213_225210\\1 Test Suite Login dan Register\\20240213_225210\\execution0.log"/>
         <property name="attachments" value=""/>
         <property name="hostName" value="ACER - LAPTOP-DI70DTOM"/>
         <property name="os" value="Windows 11 64bit"/>
         <property name="appiumServerStatus" value="{&quot;value&quot;:{&quot;ready&quot;:true,&quot;message&quot;:&quot;The server is ready to accept new connections&quot;,&quot;build&quot;:{&quot;version&quot;:&quot;2.5.0&quot;}}}"/>
         <property name="katalonVersion" value="9.3.0.212"/>
         <property name="deviceOS" value="Android"/>
         <property name="appiumVersion" value="2.5.0"/>
         <property name="deviceModel" value="Android SDK built for x86"/>
         <property name="hostAddress" value="192.168.0.111"/>
         <property name="deviceManufacturer" value="Google"/>
         <property name="deviceId" value="emulator-5554"/>
         <property name="deviceName" value="emulator-5554 (Android SDK built for x86 - Android 8.1.0)"/>
         <property name="deviceOSVersion" value="8.1.0"/>
      </properties>
      <testcase name="Test Cases/1 Positive Test Case/2 Login" time="51.486" classname="Test Cases/1 Positive Test Case/2 Login" status="PASSED">
         <system-out><![CDATA[13-02-2024T22:52:17 - [TEST_CASE][PASSED] - Test Cases/1 Positive Test Case/2 Login: Test Cases/1 Positive Test Case/2 Login

13-02-2024T22:52:18 - [TEST_STEP][PASSED] - startApplication("E:\BFLP IT Batch 9\9. Bootcamp\3. Final Project Mobile\Advantage+demo+3.2.apk", true): Started app at: 'E:\BFLP IT Batch 9\9. Bootcamp\3. Final Project Mobile\Advantage+demo+3.2.apk'

13-02-2024T22:52:18 - [MESSAGE][INFO] - Detected NodeJS location: "C:\Program Files\nodejs\node.exe"

13-02-2024T22:52:29 - [MESSAGE][INFO] - PATH: C:\Program Files\nodejs;

13-02-2024T22:52:29 - [MESSAGE][INFO] - APPIUM_HOME: C:\Users\ACER\.appium

13-02-2024T22:52:29 - [MESSAGE][INFO] - appium outlog: C:\Users\ACER\git\Final-Project-QA-MOBILE\Reports\20240213_225210\1 Test Suite Login dan Register\20240213_225210\appium.log

13-02-2024T22:52:29 - [MESSAGE][INFO] - appium errlog: C:\Users\ACER\git\Final-Project-QA-MOBILE\Reports\20240213_225210\1 Test Suite Login dan Register\20240213_225210\appium_error.log

13-02-2024T22:52:33 - [MESSAGE][INFO] - Appium server started on port 64,330

13-02-2024T22:52:51 - [MESSAGE][PASSED] - Started app at: 'E:\BFLP IT Batch 9\9. Bootcamp\3. Final Project Mobile\Advantage+demo+3.2.apk'

13-02-2024T22:52:51 - [TEST_STEP][PASSED] - tap(findTestObject("Object Repository/2 Login dan Checkout/android.widget.ImageView"), 0): Tapped on element 'Object Repository/2 Login dan Checkout/android.widget.ImageView'

13-02-2024T22:52:51 - [MESSAGE][WARNING] - Timeout '0' is invalid. Using default page load timeout: '30'

13-02-2024T22:52:52 - [MESSAGE][PASSED] - Tapped on element 'Object Repository/2 Login dan Checkout/android.widget.ImageView'

13-02-2024T22:52:52 - [TEST_STEP][PASSED] - tap(findTestObject("Object Repository/2 Login dan Checkout/android.widget.LinearLayout"), 0): Tapped on element 'Object Repository/2 Login dan Checkout/android.widget.LinearLayout'

13-02-2024T22:52:52 - [MESSAGE][WARNING] - Timeout '0' is invalid. Using default page load timeout: '30'

13-02-2024T22:52:53 - [MESSAGE][PASSED] - Tapped on element 'Object Repository/2 Login dan Checkout/android.widget.LinearLayout'

13-02-2024T22:52:53 - [TEST_STEP][PASSED] - setText(findTestObject("Object Repository/2 Login dan Checkout/android.widget.EditText"), username, 0): Text 'yudhatesting' has been set to element 'Object Repository/2 Login dan Checkout/android.widget.EditText'

13-02-2024T22:52:54 - [MESSAGE][WARNING] - Timeout '0' is invalid. Using default page load timeout: '30'

13-02-2024T22:52:57 - [MESSAGE][PASSED] - Text 'yudhatesting' has been set to element 'Object Repository/2 Login dan Checkout/android.widget.EditText'

13-02-2024T22:52:57 - [TEST_STEP][PASSED] - setText(findTestObject("Object Repository/2 Login dan Checkout/android.widget.EditText (1)"), password, 0): Text 'Dharmayudha1' has been set to element 'Object Repository/2 Login dan Checkout/android.widget.EditText (1)'

13-02-2024T22:52:57 - [MESSAGE][WARNING] - Timeout '0' is invalid. Using default page load timeout: '30'

13-02-2024T22:52:59 - [MESSAGE][PASSED] - Text 'Dharmayudha1' has been set to element 'Object Repository/2 Login dan Checkout/android.widget.EditText (1)'

13-02-2024T22:52:59 - [TEST_STEP][PASSED] - tap(findTestObject("Object Repository/2 Login dan Checkout/android.widget.Button - LOGIN"), 0): Tapped on element 'Object Repository/2 Login dan Checkout/android.widget.Button - LOGIN'

13-02-2024T22:52:59 - [MESSAGE][WARNING] - Timeout '0' is invalid. Using default page load timeout: '30'

13-02-2024T22:52:59 - [MESSAGE][PASSED] - Tapped on element 'Object Repository/2 Login dan Checkout/android.widget.Button - LOGIN'

13-02-2024T22:52:59 - [TEST_STEP][PASSED] - hideKeyboard(): Keyboard is hidden

13-02-2024T22:53:01 - [MESSAGE][PASSED] - Keyboard is hidden

13-02-2024T22:53:01 - [TEST_STEP][PASSED] - delay(5): Delayed 5 second(s)

13-02-2024T22:53:06 - [MESSAGE][PASSED] - Delayed 5 second(s)

13-02-2024T22:53:06 - [TEST_STEP][PASSED] - closeApplication(): Close app successfully

13-02-2024T22:53:08 - [MESSAGE][INFO] - Cannot close application! An unknown server-side error occurred while processing the command. Original error: 'com.Advantage.aShopping' is still running after 500ms timeout
Build info: version: '3.141.59', revision: 'e82be7d358', time: '2018-11-14T08:25:53'
System info: host: 'LAPTOP-DI70DTOM', ip: '192.168.0.111', os.name: 'Windows 11', os.arch: 'amd64', os.version: '10.0', java.version: '17.0.7'
Driver info: com.kms.katalon.core.appium.driver.SwipeableAndroidDriver
Capabilities {app: E:\BFLP IT Batch 9\9. Bootc..., appPackage: com.Advantage.aShopping, autoGrantPermissions: true, automationName: uiautomator2, databaseEnabled: false, desired: {app: E:\BFLP IT Batch 9\9. Bootc..., autoGrantPermissions: true, automationName: uiautomator2, deviceName: emulator-5554 (Android SDK ..., fullReset: true, newCommandTimeout: 1800, noReset: false, platformName: android, platformVersion: 8.1.0, systemPort: 64329, udid: emulator-5554}, deviceApiLevel: 27, deviceManufacturer: Google, deviceModel: Android SDK built for x86, deviceName: emulator-5554, deviceScreenDensity: 420, deviceScreenSize: 1080x2400, deviceUDID: emulator-5554, fullReset: true, javascriptEnabled: true, locationContextEnabled: false, networkConnectionEnabled: true, newCommandTimeout: 1800, noReset: false, pixelRatio: 2.625, platform: LINUX, platformName: Android, platformVersion: 8.1.0, statBarHeight: 63, systemPort: 64329, takesScreenshot: true, udid: emulator-5554, viewportRect: {height: 2337, left: 0, top: 63, width: 1080}, warnings: {}, webStorageEnabled: false}
Session ID: fbcee631-9880-4497-b7e4-45d123b6184f

13-02-2024T22:53:09 - [MESSAGE][PASSED] - Close app successfully]]></system-out>
         <system-err><![CDATA[]]></system-err>
      </testcase>
      <testcase name="Test Cases/1 Positive Test Case/2 Login" time="36.304" classname="Test Cases/1 Positive Test Case/2 Login" status="PASSED">
         <system-out><![CDATA[13-02-2024T22:53:09 - [TEST_CASE][PASSED] - Test Cases/1 Positive Test Case/2 Login: Test Cases/1 Positive Test Case/2 Login

13-02-2024T22:53:09 - [TEST_STEP][PASSED] - startApplication("E:\BFLP IT Batch 9\9. Bootcamp\3. Final Project Mobile\Advantage+demo+3.2.apk", true): Started app at: 'E:\BFLP IT Batch 9\9. Bootcamp\3. Final Project Mobile\Advantage+demo+3.2.apk'

13-02-2024T22:53:09 - [MESSAGE][INFO] - Detected NodeJS location: "C:\Program Files\nodejs\node.exe"

13-02-2024T22:53:14 - [MESSAGE][INFO] - PATH: C:\Program Files\nodejs;

13-02-2024T22:53:14 - [MESSAGE][INFO] - APPIUM_HOME: C:\Users\ACER\.appium

13-02-2024T22:53:14 - [MESSAGE][INFO] - appium outlog: C:\Users\ACER\git\Final-Project-QA-MOBILE\Reports\20240213_225210\1 Test Suite Login dan Register\20240213_225210\appium.log

13-02-2024T22:53:14 - [MESSAGE][INFO] - appium errlog: C:\Users\ACER\git\Final-Project-QA-MOBILE\Reports\20240213_225210\1 Test Suite Login dan Register\20240213_225210\appium_error.log

13-02-2024T22:53:18 - [MESSAGE][INFO] - Appium server started on port 64,604

13-02-2024T22:53:27 - [MESSAGE][PASSED] - Started app at: 'E:\BFLP IT Batch 9\9. Bootcamp\3. Final Project Mobile\Advantage+demo+3.2.apk'

13-02-2024T22:53:27 - [TEST_STEP][PASSED] - tap(findTestObject("Object Repository/2 Login dan Checkout/android.widget.ImageView"), 0): Tapped on element 'Object Repository/2 Login dan Checkout/android.widget.ImageView'

13-02-2024T22:53:27 - [MESSAGE][WARNING] - Timeout '0' is invalid. Using default page load timeout: '30'

13-02-2024T22:53:29 - [MESSAGE][PASSED] - Tapped on element 'Object Repository/2 Login dan Checkout/android.widget.ImageView'

13-02-2024T22:53:29 - [TEST_STEP][PASSED] - tap(findTestObject("Object Repository/2 Login dan Checkout/android.widget.LinearLayout"), 0): Tapped on element 'Object Repository/2 Login dan Checkout/android.widget.LinearLayout'

13-02-2024T22:53:29 - [MESSAGE][WARNING] - Timeout '0' is invalid. Using default page load timeout: '30'

13-02-2024T22:53:30 - [MESSAGE][PASSED] - Tapped on element 'Object Repository/2 Login dan Checkout/android.widget.LinearLayout'

13-02-2024T22:53:30 - [TEST_STEP][PASSED] - setText(findTestObject("Object Repository/2 Login dan Checkout/android.widget.EditText"), username, 0): Text 'yudhatesting2' has been set to element 'Object Repository/2 Login dan Checkout/android.widget.EditText'

13-02-2024T22:53:30 - [MESSAGE][WARNING] - Timeout '0' is invalid. Using default page load timeout: '30'

13-02-2024T22:53:34 - [MESSAGE][PASSED] - Text 'yudhatesting2' has been set to element 'Object Repository/2 Login dan Checkout/android.widget.EditText'

13-02-2024T22:53:34 - [TEST_STEP][PASSED] - setText(findTestObject("Object Repository/2 Login dan Checkout/android.widget.EditText (1)"), password, 0): Text 'Dharmayudha2' has been set to element 'Object Repository/2 Login dan Checkout/android.widget.EditText (1)'

13-02-2024T22:53:34 - [MESSAGE][WARNING] - Timeout '0' is invalid. Using default page load timeout: '30'

13-02-2024T22:53:36 - [MESSAGE][PASSED] - Text 'Dharmayudha2' has been set to element 'Object Repository/2 Login dan Checkout/android.widget.EditText (1)'

13-02-2024T22:53:36 - [TEST_STEP][PASSED] - tap(findTestObject("Object Repository/2 Login dan Checkout/android.widget.Button - LOGIN"), 0): Tapped on element 'Object Repository/2 Login dan Checkout/android.widget.Button - LOGIN'

13-02-2024T22:53:36 - [MESSAGE][WARNING] - Timeout '0' is invalid. Using default page load timeout: '30'

13-02-2024T22:53:36 - [MESSAGE][PASSED] - Tapped on element 'Object Repository/2 Login dan Checkout/android.widget.Button - LOGIN'

13-02-2024T22:53:36 - [TEST_STEP][PASSED] - hideKeyboard(): Keyboard is hidden

13-02-2024T22:53:38 - [MESSAGE][PASSED] - Keyboard is hidden

13-02-2024T22:53:38 - [TEST_STEP][PASSED] - delay(5): Delayed 5 second(s)

13-02-2024T22:53:43 - [MESSAGE][PASSED] - Delayed 5 second(s)

13-02-2024T22:53:43 - [TEST_STEP][PASSED] - closeApplication(): Close app successfully

13-02-2024T22:53:45 - [MESSAGE][INFO] - Cannot close application! An unknown server-side error occurred while processing the command. Original error: 'com.Advantage.aShopping' is still running after 500ms timeout
Build info: version: '3.141.59', revision: 'e82be7d358', time: '2018-11-14T08:25:53'
System info: host: 'LAPTOP-DI70DTOM', ip: '192.168.0.111', os.name: 'Windows 11', os.arch: 'amd64', os.version: '10.0', java.version: '17.0.7'
Driver info: com.kms.katalon.core.appium.driver.SwipeableAndroidDriver
Capabilities {app: E:\BFLP IT Batch 9\9. Bootc..., appPackage: com.Advantage.aShopping, autoGrantPermissions: true, automationName: uiautomator2, databaseEnabled: false, desired: {app: E:\BFLP IT Batch 9\9. Bootc..., autoGrantPermissions: true, automationName: uiautomator2, deviceName: emulator-5554 (Android SDK ..., fullReset: true, newCommandTimeout: 1800, noReset: false, platformName: android, platformVersion: 8.1.0, systemPort: 64602, udid: emulator-5554}, deviceApiLevel: 27, deviceManufacturer: Google, deviceModel: Android SDK built for x86, deviceName: emulator-5554, deviceScreenDensity: 420, deviceScreenSize: 1080x2400, deviceUDID: emulator-5554, fullReset: true, javascriptEnabled: true, locationContextEnabled: false, networkConnectionEnabled: true, newCommandTimeout: 1800, noReset: false, pixelRatio: 2.625, platform: LINUX, platformName: Android, platformVersion: 8.1.0, statBarHeight: 63, systemPort: 64602, takesScreenshot: true, udid: emulator-5554, viewportRect: {height: 2337, left: 0, top: 63, width: 1080}, warnings: {}, webStorageEnabled: false}
Session ID: b4ef3f43-76c0-4df7-aaae-7aa1628189db

13-02-2024T22:53:45 - [MESSAGE][PASSED] - Close app successfully]]></system-out>
         <system-err><![CDATA[]]></system-err>
      </testcase>
      <system-out><![CDATA[13-02-2024T22:52:17 - [TEST_SUITE][PASSED] - 1 Test Suite Login dan Register: Test Cases/1 Positive Test Case/2 Login]]></system-out>
      <system-err><![CDATA[]]></system-err>
   </testsuite>
</testsuites>
