<?xml version="1.0" encoding="UTF-8"?>
<testsuites name="1 Test Suite Login dan Register" time="159.012" tests="3" failures="0" errors="0">
   <testsuite name="1 Test Suite Login dan Register" tests="3" failures="0" errors="0" time="159.012" skipped="0" timestamp="14-02-2024T00:21:13" hostname="ACER - LAPTOP-DI70DTOM" id="Test Suites/1 Test Suite Login dan Register">
      <properties>
         <property name="deviceName" value="emulator-5554 (Android SDK built for x86 - Android 8.1.0)"/>
         <property name="devicePlatform" value=""/>
         <property name="logFolder" value="C:\\Users\\ACER\\git\\Final-Project-QA-MOBILE\\Reports\\20240214_002105\\1 Test Suite Login dan Register\\20240214_002105"/>
         <property name="logFiles" value="C:\\Users\\ACER\\git\\Final-Project-QA-MOBILE\\Reports\\20240214_002105\\1 Test Suite Login dan Register\\20240214_002105\\appium.log, C:\\Users\\ACER\\git\\Final-Project-QA-MOBILE\\Reports\\20240214_002105\\1 Test Suite Login dan Register\\20240214_002105\\appium_error.log, C:\\Users\\ACER\\git\\Final-Project-QA-MOBILE\\Reports\\20240214_002105\\1 Test Suite Login dan Register\\20240214_002105\\execution0.log"/>
         <property name="attachments" value=""/>
         <property name="hostName" value="ACER - LAPTOP-DI70DTOM"/>
         <property name="os" value="Windows 11 64bit"/>
         <property name="appiumServerStatus" value="{&quot;value&quot;:{&quot;ready&quot;:true,&quot;message&quot;:&quot;The server is ready to accept new connections&quot;,&quot;build&quot;:{&quot;version&quot;:&quot;2.5.0&quot;}}}"/>
         <property name="katalonVersion" value="9.3.0.212"/>
         <property name="deviceOS" value="Android"/>
         <property name="appiumVersion" value="2.5.0"/>
         <property name="deviceModel" value="Android SDK built for x86"/>
         <property name="hostAddress" value="192.168.0.111"/>
         <property name="deviceManufacturer" value="Google"/>
         <property name="deviceId" value="emulator-5554"/>
         <property name="deviceName" value="emulator-5554 (Android SDK built for x86 - Android 8.1.0)"/>
         <property name="deviceOSVersion" value="8.1.0"/>
      </properties>
      <testcase name="Test Cases/1 Positive Test Case/1 Register Account" time="75.511" classname="Test Cases/1 Positive Test Case/1 Register Account" status="PASSED">
         <system-out><![CDATA[14-02-2024T00:21:13 - [TEST_CASE][PASSED] - Test Cases/1 Positive Test Case/1 Register Account: Test Cases/1 Positive Test Case/1 Register Account

14-02-2024T00:21:13 - [TEST_STEP][PASSED] - startApplication("E:\BFLP IT Batch 9\9. Bootcamp\3. Final Project Mobile\Advantage+demo+3.2.apk", true): Started app at: 'E:\BFLP IT Batch 9\9. Bootcamp\3. Final Project Mobile\Advantage+demo+3.2.apk'

14-02-2024T00:21:14 - [MESSAGE][INFO] - Detected NodeJS location: "C:\Program Files\nodejs\node.exe"

14-02-2024T00:21:25 - [MESSAGE][INFO] - PATH: C:\Program Files\nodejs;

14-02-2024T00:21:25 - [MESSAGE][INFO] - APPIUM_HOME: C:\Users\ACER\.appium

14-02-2024T00:21:25 - [MESSAGE][INFO] - appium outlog: C:\Users\ACER\git\Final-Project-QA-MOBILE\Reports\20240214_002105\1 Test Suite Login dan Register\20240214_002105\appium.log

14-02-2024T00:21:25 - [MESSAGE][INFO] - appium errlog: C:\Users\ACER\git\Final-Project-QA-MOBILE\Reports\20240214_002105\1 Test Suite Login dan Register\20240214_002105\appium_error.log

14-02-2024T00:21:29 - [MESSAGE][INFO] - Appium server started on port 15,714

14-02-2024T00:21:44 - [MESSAGE][PASSED] - Started app at: 'E:\BFLP IT Batch 9\9. Bootcamp\3. Final Project Mobile\Advantage+demo+3.2.apk'

14-02-2024T00:21:44 - [TEST_STEP][PASSED] - tap(findTestObject("Object Repository/1 Register/android.widget.ImageView"), 0): Tapped on element 'Object Repository/1 Register/android.widget.ImageView'

14-02-2024T00:21:44 - [MESSAGE][WARNING] - Timeout '0' is invalid. Using default page load timeout: '30'

14-02-2024T00:21:46 - [MESSAGE][PASSED] - Tapped on element 'Object Repository/1 Register/android.widget.ImageView'

14-02-2024T00:21:46 - [TEST_STEP][PASSED] - tap(findTestObject("Object Repository/1 Register/android.widget.TextView - LOGIN"), 0): Tapped on element 'Object Repository/1 Register/android.widget.TextView - LOGIN'

14-02-2024T00:21:46 - [MESSAGE][WARNING] - Timeout '0' is invalid. Using default page load timeout: '30'

14-02-2024T00:21:47 - [MESSAGE][PASSED] - Tapped on element 'Object Repository/1 Register/android.widget.TextView - LOGIN'

14-02-2024T00:21:47 - [TEST_STEP][PASSED] - tap(findTestObject("Object Repository/1 Register/android.widget.TextView - SIGN UP TODAY"), 0): Tapped on element 'Object Repository/1 Register/android.widget.TextView - SIGN UP TODAY'

14-02-2024T00:21:47 - [MESSAGE][WARNING] - Timeout '0' is invalid. Using default page load timeout: '30'

14-02-2024T00:21:48 - [MESSAGE][PASSED] - Tapped on element 'Object Repository/1 Register/android.widget.TextView - SIGN UP TODAY'

14-02-2024T00:21:48 - [TEST_STEP][PASSED] - setText(findTestObject("Object Repository/1 Register/android.widget.EditText"), "dharmayudhaputu", 0): Text 'dharmayudhaputu' has been set to element 'Object Repository/1 Register/android.widget.EditText'

14-02-2024T00:21:48 - [MESSAGE][WARNING] - Timeout '0' is invalid. Using default page load timeout: '30'

14-02-2024T00:21:52 - [MESSAGE][PASSED] - Text 'dharmayudhaputu' has been set to element 'Object Repository/1 Register/android.widget.EditText'

14-02-2024T00:21:52 - [TEST_STEP][PASSED] - setText(findTestObject("Object Repository/1 Register/android.widget.EditText (1)"), "yudhatesting@gmail.com", 0): Text 'yudhatesting@gmail.com' has been set to element 'Object Repository/1 Register/android.widget.EditText (1)'

14-02-2024T00:21:52 - [MESSAGE][WARNING] - Timeout '0' is invalid. Using default page load timeout: '30'

14-02-2024T00:21:55 - [MESSAGE][PASSED] - Text 'yudhatesting@gmail.com' has been set to element 'Object Repository/1 Register/android.widget.EditText (1)'

14-02-2024T00:21:55 - [TEST_STEP][PASSED] - setText(findTestObject("Object Repository/1 Register/android.widget.EditText (2)"), "Dharmayudha1", 0): Text 'Dharmayudha1' has been set to element 'Object Repository/1 Register/android.widget.EditText (2)'

14-02-2024T00:21:55 - [MESSAGE][WARNING] - Timeout '0' is invalid. Using default page load timeout: '30'

14-02-2024T00:21:57 - [MESSAGE][PASSED] - Text 'Dharmayudha1' has been set to element 'Object Repository/1 Register/android.widget.EditText (2)'

14-02-2024T00:21:57 - [TEST_STEP][PASSED] - setText(findTestObject("Object Repository/1 Register/android.widget.EditText (3)"), "Dharmayudha1", 0): Text 'Dharmayudha1' has been set to element 'Object Repository/1 Register/android.widget.EditText (3)'

14-02-2024T00:21:57 - [MESSAGE][WARNING] - Timeout '0' is invalid. Using default page load timeout: '30'

14-02-2024T00:21:59 - [MESSAGE][PASSED] - Text 'Dharmayudha1' has been set to element 'Object Repository/1 Register/android.widget.EditText (3)'

14-02-2024T00:21:59 - [TEST_STEP][PASSED] - hideKeyboard(): Keyboard is hidden

14-02-2024T00:21:59 - [MESSAGE][PASSED] - Keyboard is hidden

14-02-2024T00:21:59 - [TEST_STEP][PASSED] - setText(findTestObject("Object Repository/1 Register/android.widget.EditText (4)"), "Dharma", 0): Text 'Dharma' has been set to element 'Object Repository/1 Register/android.widget.EditText (4)'

14-02-2024T00:21:59 - [MESSAGE][WARNING] - Timeout '0' is invalid. Using default page load timeout: '30'

14-02-2024T00:22:02 - [MESSAGE][PASSED] - Text 'Dharma' has been set to element 'Object Repository/1 Register/android.widget.EditText (4)'

14-02-2024T00:22:02 - [TEST_STEP][PASSED] - setText(findTestObject("Object Repository/1 Register/android.widget.EditText (5)"), "Yudha", 0): Text 'Yudha' has been set to element 'Object Repository/1 Register/android.widget.EditText (5)'

14-02-2024T00:22:02 - [MESSAGE][WARNING] - Timeout '0' is invalid. Using default page load timeout: '30'

14-02-2024T00:22:04 - [MESSAGE][PASSED] - Text 'Yudha' has been set to element 'Object Repository/1 Register/android.widget.EditText (5)'

14-02-2024T00:22:04 - [TEST_STEP][PASSED] - hideKeyboard(): Keyboard is hidden

14-02-2024T00:22:05 - [MESSAGE][PASSED] - Keyboard is hidden

14-02-2024T00:22:05 - [TEST_STEP][PASSED] - setText(findTestObject("Object Repository/1 Register/android.widget.EditText (6)"), "081353081122", 0): Text '081353081122' has been set to element 'Object Repository/1 Register/android.widget.EditText (6)'

14-02-2024T00:22:05 - [MESSAGE][WARNING] - Timeout '0' is invalid. Using default page load timeout: '30'

14-02-2024T00:22:07 - [MESSAGE][PASSED] - Text '081353081122' has been set to element 'Object Repository/1 Register/android.widget.EditText (6)'

14-02-2024T00:22:07 - [TEST_STEP][PASSED] - hideKeyboard(): Keyboard is hidden

14-02-2024T00:22:08 - [MESSAGE][PASSED] - Keyboard is hidden

14-02-2024T00:22:08 - [TEST_STEP][PASSED] - setText(findTestObject("Object Repository/1 Register/android.widget.EditText (7)"), "Jakarta", 0): Text 'Jakarta' has been set to element 'Object Repository/1 Register/android.widget.EditText (7)'

14-02-2024T00:22:08 - [MESSAGE][WARNING] - Timeout '0' is invalid. Using default page load timeout: '30'

14-02-2024T00:22:11 - [MESSAGE][PASSED] - Text 'Jakarta' has been set to element 'Object Repository/1 Register/android.widget.EditText (7)'

14-02-2024T00:22:11 - [TEST_STEP][PASSED] - hideKeyboard(): Keyboard is hidden

14-02-2024T00:22:11 - [MESSAGE][PASSED] - Keyboard is hidden

14-02-2024T00:22:11 - [TEST_STEP][PASSED] - setText(findTestObject("Object Repository/1 Register/android.widget.EditText (8)"), "Jalan Medan Merdeka No 5 Jakarta", 0): Text 'Jalan Medan Merdeka No 5 Jakarta' has been set to element 'Object Repository/1 Register/android.widget.EditText (8)'

14-02-2024T00:22:11 - [MESSAGE][WARNING] - Timeout '0' is invalid. Using default page load timeout: '30'

14-02-2024T00:22:17 - [MESSAGE][PASSED] - Text 'Jalan Medan Merdeka No 5 Jakarta' has been set to element 'Object Repository/1 Register/android.widget.EditText (8)'

14-02-2024T00:22:17 - [TEST_STEP][PASSED] - hideKeyboard(): Keyboard is hidden

14-02-2024T00:22:18 - [MESSAGE][PASSED] - Keyboard is hidden

14-02-2024T00:22:18 - [TEST_STEP][PASSED] - setText(findTestObject("Object Repository/1 Register/android.widget.EditText (9)"), "Jakarta", 0): Text 'Jakarta' has been set to element 'Object Repository/1 Register/android.widget.EditText (9)'

14-02-2024T00:22:18 - [MESSAGE][WARNING] - Timeout '0' is invalid. Using default page load timeout: '30'

14-02-2024T00:22:20 - [MESSAGE][PASSED] - Text 'Jakarta' has been set to element 'Object Repository/1 Register/android.widget.EditText (9)'

14-02-2024T00:22:20 - [TEST_STEP][PASSED] - setText(findTestObject("Object Repository/1 Register/android.widget.EditText (10)"), "80582", 0): Text '80582' has been set to element 'Object Repository/1 Register/android.widget.EditText (10)'

14-02-2024T00:22:21 - [MESSAGE][WARNING] - Timeout '0' is invalid. Using default page load timeout: '30'

14-02-2024T00:22:22 - [MESSAGE][PASSED] - Text '80582' has been set to element 'Object Repository/1 Register/android.widget.EditText (10)'

14-02-2024T00:22:22 - [TEST_STEP][PASSED] - hideKeyboard(): Keyboard is hidden

14-02-2024T00:22:23 - [MESSAGE][PASSED] - Keyboard is hidden

14-02-2024T00:22:23 - [TEST_STEP][PASSED] - scrollToText("register"): Scrolling to text 'register' successfully

14-02-2024T00:22:24 - [MESSAGE][PASSED] - Scrolling to text 'register' successfully

14-02-2024T00:22:24 - [TEST_STEP][PASSED] - tap(findTestObject("Object Repository/1 Register/android.widget.Button - REGISTER"), 0): Tapped on element 'Object Repository/1 Register/android.widget.Button - REGISTER'

14-02-2024T00:22:24 - [MESSAGE][WARNING] - Timeout '0' is invalid. Using default page load timeout: '30'

14-02-2024T00:22:24 - [MESSAGE][PASSED] - Tapped on element 'Object Repository/1 Register/android.widget.Button - REGISTER'

14-02-2024T00:22:24 - [TEST_STEP][PASSED] - closeApplication(): Close app successfully

14-02-2024T00:22:26 - [MESSAGE][PASSED] - Close app successfully

14-02-2024T00:22:28 - [TEST_STEP][PASSED] - Video: Video recording for test case 'Test Cases/1 Positive Test Case/1 Register Account' .

14-02-2024T00:22:28 - [MESSAGE][INFO] - Video recording for test case 'Test Cases/1 Positive Test Case/1 Register Account' .]]></system-out>
         <system-err><![CDATA[]]></system-err>
      </testcase>
      <testcase name="Test Cases/1 Positive Test Case/2 Login - IF ELSE dan Data Driven" time="44.538" classname="Test Cases/1 Positive Test Case/2 Login - IF ELSE dan Data Driven" status="PASSED">
         <system-out><![CDATA[14-02-2024T00:22:28 - [TEST_CASE][PASSED] - Test Cases/1 Positive Test Case/2 Login - IF ELSE dan Data Driven: Test Cases/1 Positive Test Case/2 Login - IF ELSE dan Data Driven

14-02-2024T00:22:29 - [TEST_STEP][PASSED] - validUsername = username: null

14-02-2024T00:22:29 - [TEST_STEP][PASSED] - username = username: null

14-02-2024T00:22:29 - [TEST_STEP][PASSED] - password = password: null

14-02-2024T00:22:29 - [TEST_STEP][PASSED] - startApplication("E:\BFLP IT Batch 9\9. Bootcamp\3. Final Project Mobile\Advantage+demo+3.2.apk", true): Started app at: 'E:\BFLP IT Batch 9\9. Bootcamp\3. Final Project Mobile\Advantage+demo+3.2.apk'

14-02-2024T00:22:29 - [MESSAGE][INFO] - Detected NodeJS location: "C:\Program Files\nodejs\node.exe"

14-02-2024T00:22:40 - [MESSAGE][INFO] - PATH: C:\Program Files\nodejs;

14-02-2024T00:22:40 - [MESSAGE][INFO] - APPIUM_HOME: C:\Users\ACER\.appium

14-02-2024T00:22:40 - [MESSAGE][INFO] - appium outlog: C:\Users\ACER\git\Final-Project-QA-MOBILE\Reports\20240214_002105\1 Test Suite Login dan Register\20240214_002105\appium.log

14-02-2024T00:22:40 - [MESSAGE][INFO] - appium errlog: C:\Users\ACER\git\Final-Project-QA-MOBILE\Reports\20240214_002105\1 Test Suite Login dan Register\20240214_002105\appium_error.log

14-02-2024T00:22:43 - [MESSAGE][INFO] - Appium server started on port 16,124

14-02-2024T00:22:53 - [MESSAGE][PASSED] - Started app at: 'E:\BFLP IT Batch 9\9. Bootcamp\3. Final Project Mobile\Advantage+demo+3.2.apk'

14-02-2024T00:22:53 - [TEST_STEP][PASSED] - tap(findTestObject("Object Repository/2 Login dan Checkout/android.widget.ImageView"), 0): Tapped on element 'Object Repository/2 Login dan Checkout/android.widget.ImageView'

14-02-2024T00:22:53 - [MESSAGE][WARNING] - Timeout '0' is invalid. Using default page load timeout: '30'

14-02-2024T00:22:55 - [MESSAGE][PASSED] - Tapped on element 'Object Repository/2 Login dan Checkout/android.widget.ImageView'

14-02-2024T00:22:55 - [TEST_STEP][PASSED] - tap(findTestObject("Object Repository/2 Login dan Checkout/android.widget.LinearLayout"), 0): Tapped on element 'Object Repository/2 Login dan Checkout/android.widget.LinearLayout'

14-02-2024T00:22:55 - [MESSAGE][WARNING] - Timeout '0' is invalid. Using default page load timeout: '30'

14-02-2024T00:22:56 - [MESSAGE][PASSED] - Tapped on element 'Object Repository/2 Login dan Checkout/android.widget.LinearLayout'

14-02-2024T00:22:56 - [TEST_STEP][PASSED] - setText(findTestObject("Object Repository/2 Login dan Checkout/android.widget.EditText"), username, 0): Text 'yudhatesting' has been set to element 'Object Repository/2 Login dan Checkout/android.widget.EditText'

14-02-2024T00:22:56 - [MESSAGE][WARNING] - Timeout '0' is invalid. Using default page load timeout: '30'

14-02-2024T00:22:59 - [MESSAGE][PASSED] - Text 'yudhatesting' has been set to element 'Object Repository/2 Login dan Checkout/android.widget.EditText'

14-02-2024T00:22:59 - [TEST_STEP][PASSED] - setText(findTestObject("Object Repository/2 Login dan Checkout/android.widget.EditText (1)"), password, 0): Text 'Dharmayudha1' has been set to element 'Object Repository/2 Login dan Checkout/android.widget.EditText (1)'

14-02-2024T00:22:59 - [MESSAGE][WARNING] - Timeout '0' is invalid. Using default page load timeout: '30'

14-02-2024T00:23:01 - [MESSAGE][PASSED] - Text 'Dharmayudha1' has been set to element 'Object Repository/2 Login dan Checkout/android.widget.EditText (1)'

14-02-2024T00:23:01 - [TEST_STEP][PASSED] - if (username == validUsername): Close app successfully

14-02-2024T00:23:01 - [TEST_STEP][PASSED] - tap(findTestObject("Object Repository/2 Login dan Checkout/android.widget.Button - LOGIN"), 0): Tapped on element 'Object Repository/2 Login dan Checkout/android.widget.Button - LOGIN'

14-02-2024T00:23:01 - [MESSAGE][WARNING] - Timeout '0' is invalid. Using default page load timeout: '30'

14-02-2024T00:23:02 - [MESSAGE][PASSED] - Tapped on element 'Object Repository/2 Login dan Checkout/android.widget.Button - LOGIN'

14-02-2024T00:23:02 - [TEST_STEP][PASSED] - hideKeyboard(): Keyboard is hidden

14-02-2024T00:23:04 - [MESSAGE][PASSED] - Keyboard is hidden

14-02-2024T00:23:04 - [TEST_STEP][PASSED] - delay(5): Delayed 5 second(s)

14-02-2024T00:23:09 - [MESSAGE][PASSED] - Delayed 5 second(s)

14-02-2024T00:23:09 - [TEST_STEP][PASSED] - closeApplication(): Close app successfully

14-02-2024T00:23:11 - [MESSAGE][PASSED] - Close app successfully

14-02-2024T00:23:13 - [TEST_STEP][PASSED] - Video: Video recording for test case 'Test Cases/1 Positive Test Case/2 Login - IF ELSE dan Data Driven' .

14-02-2024T00:23:13 - [MESSAGE][INFO] - Video recording for test case 'Test Cases/1 Positive Test Case/2 Login - IF ELSE dan Data Driven' .]]></system-out>
         <system-err><![CDATA[]]></system-err>
      </testcase>
      <testcase name="Test Cases/1 Positive Test Case/2 Login - IF ELSE dan Data Driven" time="38.598" classname="Test Cases/1 Positive Test Case/2 Login - IF ELSE dan Data Driven" status="PASSED">
         <system-out><![CDATA[14-02-2024T00:23:13 - [TEST_CASE][PASSED] - Test Cases/1 Positive Test Case/2 Login - IF ELSE dan Data Driven: Test Cases/1 Positive Test Case/2 Login - IF ELSE dan Data Driven

14-02-2024T00:23:13 - [TEST_STEP][PASSED] - validUsername = username: null

14-02-2024T00:23:13 - [TEST_STEP][PASSED] - username = username: null

14-02-2024T00:23:13 - [TEST_STEP][PASSED] - password = password: null

14-02-2024T00:23:13 - [TEST_STEP][PASSED] - startApplication("E:\BFLP IT Batch 9\9. Bootcamp\3. Final Project Mobile\Advantage+demo+3.2.apk", true): Started app at: 'E:\BFLP IT Batch 9\9. Bootcamp\3. Final Project Mobile\Advantage+demo+3.2.apk'

14-02-2024T00:23:13 - [MESSAGE][INFO] - Detected NodeJS location: "C:\Program Files\nodejs\node.exe"

14-02-2024T00:23:19 - [MESSAGE][INFO] - PATH: C:\Program Files\nodejs;

14-02-2024T00:23:19 - [MESSAGE][INFO] - APPIUM_HOME: C:\Users\ACER\.appium

14-02-2024T00:23:19 - [MESSAGE][INFO] - appium outlog: C:\Users\ACER\git\Final-Project-QA-MOBILE\Reports\20240214_002105\1 Test Suite Login dan Register\20240214_002105\appium.log

14-02-2024T00:23:19 - [MESSAGE][INFO] - appium errlog: C:\Users\ACER\git\Final-Project-QA-MOBILE\Reports\20240214_002105\1 Test Suite Login dan Register\20240214_002105\appium_error.log

14-02-2024T00:23:23 - [MESSAGE][INFO] - Appium server started on port 16,406

14-02-2024T00:23:31 - [MESSAGE][PASSED] - Started app at: 'E:\BFLP IT Batch 9\9. Bootcamp\3. Final Project Mobile\Advantage+demo+3.2.apk'

14-02-2024T00:23:31 - [TEST_STEP][PASSED] - tap(findTestObject("Object Repository/2 Login dan Checkout/android.widget.ImageView"), 0): Tapped on element 'Object Repository/2 Login dan Checkout/android.widget.ImageView'

14-02-2024T00:23:31 - [MESSAGE][WARNING] - Timeout '0' is invalid. Using default page load timeout: '30'

14-02-2024T00:23:34 - [MESSAGE][PASSED] - Tapped on element 'Object Repository/2 Login dan Checkout/android.widget.ImageView'

14-02-2024T00:23:34 - [TEST_STEP][PASSED] - tap(findTestObject("Object Repository/2 Login dan Checkout/android.widget.LinearLayout"), 0): Tapped on element 'Object Repository/2 Login dan Checkout/android.widget.LinearLayout'

14-02-2024T00:23:34 - [MESSAGE][WARNING] - Timeout '0' is invalid. Using default page load timeout: '30'

14-02-2024T00:23:35 - [MESSAGE][PASSED] - Tapped on element 'Object Repository/2 Login dan Checkout/android.widget.LinearLayout'

14-02-2024T00:23:35 - [TEST_STEP][PASSED] - setText(findTestObject("Object Repository/2 Login dan Checkout/android.widget.EditText"), username, 0): Text 'yudhatesting2' has been set to element 'Object Repository/2 Login dan Checkout/android.widget.EditText'

14-02-2024T00:23:35 - [MESSAGE][WARNING] - Timeout '0' is invalid. Using default page load timeout: '30'

14-02-2024T00:23:38 - [MESSAGE][PASSED] - Text 'yudhatesting2' has been set to element 'Object Repository/2 Login dan Checkout/android.widget.EditText'

14-02-2024T00:23:38 - [TEST_STEP][PASSED] - setText(findTestObject("Object Repository/2 Login dan Checkout/android.widget.EditText (1)"), password, 0): Text 'Dharmayudha2' has been set to element 'Object Repository/2 Login dan Checkout/android.widget.EditText (1)'

14-02-2024T00:23:38 - [MESSAGE][WARNING] - Timeout '0' is invalid. Using default page load timeout: '30'

14-02-2024T00:23:40 - [MESSAGE][PASSED] - Text 'Dharmayudha2' has been set to element 'Object Repository/2 Login dan Checkout/android.widget.EditText (1)'

14-02-2024T00:23:40 - [TEST_STEP][PASSED] - if (username == validUsername): Close app successfully

14-02-2024T00:23:40 - [TEST_STEP][PASSED] - tap(findTestObject("Object Repository/2 Login dan Checkout/android.widget.Button - LOGIN"), 0): Tapped on element 'Object Repository/2 Login dan Checkout/android.widget.Button - LOGIN'

14-02-2024T00:23:40 - [MESSAGE][WARNING] - Timeout '0' is invalid. Using default page load timeout: '30'

14-02-2024T00:23:41 - [MESSAGE][PASSED] - Tapped on element 'Object Repository/2 Login dan Checkout/android.widget.Button - LOGIN'

14-02-2024T00:23:41 - [TEST_STEP][PASSED] - hideKeyboard(): Keyboard is hidden

14-02-2024T00:23:42 - [MESSAGE][PASSED] - Keyboard is hidden

14-02-2024T00:23:42 - [TEST_STEP][PASSED] - delay(5): Delayed 5 second(s)

14-02-2024T00:23:48 - [MESSAGE][PASSED] - Delayed 5 second(s)

14-02-2024T00:23:48 - [TEST_STEP][PASSED] - closeApplication(): Close app successfully

14-02-2024T00:23:49 - [MESSAGE][INFO] - Cannot close application! An unknown server-side error occurred while processing the command. Original error: 'com.Advantage.aShopping' is still running after 500ms timeout
Build info: version: '3.141.59', revision: 'e82be7d358', time: '2018-11-14T08:25:53'
System info: host: 'LAPTOP-DI70DTOM', ip: '192.168.0.111', os.name: 'Windows 11', os.arch: 'amd64', os.version: '10.0', java.version: '17.0.7'
Driver info: com.kms.katalon.core.appium.driver.SwipeableAndroidDriver
Capabilities {app: E:\BFLP IT Batch 9\9. Bootc..., appPackage: com.Advantage.aShopping, autoGrantPermissions: true, automationName: uiautomator2, databaseEnabled: false, desired: {app: E:\BFLP IT Batch 9\9. Bootc..., autoGrantPermissions: true, automationName: uiautomator2, deviceName: emulator-5554 (Android SDK ..., fullReset: true, newCommandTimeout: 1800, noReset: false, platformName: android, platformVersion: 8.1.0, systemPort: 16404, udid: emulator-5554}, deviceApiLevel: 27, deviceManufacturer: Google, deviceModel: Android SDK built for x86, deviceName: emulator-5554, deviceScreenDensity: 420, deviceScreenSize: 1080x2400, deviceUDID: emulator-5554, fullReset: true, javascriptEnabled: true, locationContextEnabled: false, networkConnectionEnabled: true, newCommandTimeout: 1800, noReset: false, pixelRatio: 2.625, platform: LINUX, platformName: Android, platformVersion: 8.1.0, statBarHeight: 63, systemPort: 16404, takesScreenshot: true, udid: emulator-5554, viewportRect: {height: 2337, left: 0, top: 63, width: 1080}, warnings: {}, webStorageEnabled: false}
Session ID: 8c4ab28a-f0c8-4202-8e81-d9ef19613477

14-02-2024T00:23:50 - [MESSAGE][PASSED] - Close app successfully

14-02-2024T00:23:52 - [TEST_STEP][PASSED] - Video: Video recording for test case 'Test Cases/1 Positive Test Case/2 Login - IF ELSE dan Data Driven' .

14-02-2024T00:23:52 - [MESSAGE][INFO] - Video recording for test case 'Test Cases/1 Positive Test Case/2 Login - IF ELSE dan Data Driven' .]]></system-out>
         <system-err><![CDATA[]]></system-err>
      </testcase>
      <system-out><![CDATA[14-02-2024T00:21:13 - [TEST_SUITE][PASSED] - 1 Test Suite Login dan Register: Test Cases/1 Positive Test Case/2 Login - IF ELSE dan Data Driven]]></system-out>
      <system-err><![CDATA[]]></system-err>
   </testsuite>
</testsuites>
